<?xml version="1.0" encoding="UTF-8"?>
<!-- Generated by org.testng.reporters.JUnitReportReporter -->
<testsuite hostname="DESKTOP-1NATKDF" failures="0" tests="14" name="tests.HerokuAppTests" time="100.853" errors="0" timestamp="2025-09-03T21:37:33 EEST" skipped="0">
  <testcase classname="tests.HerokuAppTests" name="TC3_BasicAuth" time="5.055"/>
  <testcase classname="tests.HerokuAppTests" name="TC9_DragAndDrop" time="4.179"/>
  <testcase classname="tests.HerokuAppTests" name="TC10_DropDown" time="11.801"/>
  <testcase classname="tests.HerokuAppTests" name="TC12_dynamicAddAndRemove" time="10.199"/>
  <testcase classname="tests.HerokuAppTests" name="TC5_ChallengingDOM" time="11.885"/>
  <testcase classname="tests.HerokuAppTests" name="TC7_contextMneu" time="4.791"/>
  <testcase classname="tests.HerokuAppTests" name="TC11_DynamicContent" time="4.310"/>
  <testcase classname="tests.HerokuAppTests" name="TC1_AB_Test_Control" time="3.837"/>
  <testcase classname="tests.HerokuAppTests" name="TC14_DynamicLoading1" time="9.843"/>
  <testcase classname="tests.HerokuAppTests" name="TC15_DynamicLoading2" time="9.332"/>
  <testcase classname="tests.HerokuAppTests" name="TC2_Add_Remove_Elements" time="4.919"/>
  <testcase classname="tests.HerokuAppTests" name="TC13_DynamicEnableAndDisable" time="10.317"/>
  <testcase classname="tests.HerokuAppTests" name="TC8_DisappearingElements" time="5.800"/>
  <testcase classname="tests.HerokuAppTests" name="TC6_checkedBoxes" time="4.585"/>
</testsuite> <!-- tests.HerokuAppTests -->
