<?xml version="1.0" encoding="UTF-8"?>
<!-- Generated by org.testng.reporters.JUnitReportReporter -->
<testsuite hostname="DESKTOP-1NATKDF" failures="0" tests="1" name="tests.HerokuAppTests" time="11.198" errors="0" timestamp="2025-09-03T23:53:29 EEST" skipped="0">
  <testcase classname="tests.HerokuAppTests" name="TC16_enterAD_reload" time="11.198"/>
</testsuite> <!-- tests.HerokuAppTests -->
